#
# A fatal error has been detected by the Java Runtime Environment:
#
#  EXCEPTION_ACCESS_VIOLATION (0xc0000005) at pc=0x00007ff85db60c6b, pid=4124, tid=7204
#
# JRE version: OpenJDK Runtime Environment Temurin-11.0.14.1+1 (11.0.14.1+1) (build 11.0.14.1+1)
# Java VM: OpenJDK 64-Bit Server VM Temurin-11.0.14.1+1 (11.0.14.1+1, mixed mode, tiered, compressed oops, g1 gc, windows-amd64)
# Problematic frame:
# V  [jvm.dll+0x6f0c6b]
#
# No core dump will be written. Minidumps are not enabled by default on client versions of Windows
#
# If you would like to submit a bug report, please visit:
#   https://github.com/adoptium/adoptium-support/issues
#

---------------  S U M M A R Y ------------

Command Line: -agentlib:jdwp=transport=dt_socket,suspend=y,address=localhost:64261 -javaagent:C:\Users\LENOVO\eclipse\jee-2022-03\eclipse\configuration\org.eclipse.osgi\422\0\.cp\lib\javaagent-shaded.jar -Dfile.encoding=UTF-8 com.thanhtu.myAPI.MyApiApplication

Host: Intel(R) Core(TM) i7-8565U CPU @ 1.80GHz, 8 cores, 7G,  Windows 10 , 64 bit Build 19041 (10.0.19041.2251)
Time: Mon Dec  5 09:50:16 2022 SE Asia Standard Time elapsed time: 522.757529 seconds (0d 0h 8m 42s)

---------------  T H R E A D  ---------------

Current thread (0x000002ee75276800):  VMThread "VM Thread" [stack: 0x000000fbdfe00000,0x000000fbdff00000] [id=7204]

Stack: [0x000000fbdfe00000,0x000000fbdff00000],  sp=0x000000fbdfefeae0,  free space=1018k
Native frames: (J=compiled Java code, j=interpreted, Vv=VM code, C=native code)
V  [jvm.dll+0x6f0c6b]
V  [jvm.dll+0x32da73]
V  [jvm.dll+0x32f775]
V  [jvm.dll+0x33006e]
V  [jvm.dll+0x32d8cc]
V  [jvm.dll+0x32cb02]
V  [jvm.dll+0x60d4c5]
V  [jvm.dll+0x60d24d]
V  [jvm.dll+0x5d1d63]
V  [jvm.dll+0x4deac1]
V  [jvm.dll+0x7ae10c]
V  [jvm.dll+0x7b2247]
V  [jvm.dll+0x7b2ab9]
V  [jvm.dll+0x7b2e47]
V  [jvm.dll+0x766724]
V  [jvm.dll+0x61d3f6]
C  [ucrtbase.dll+0x21bb2]
C  [KERNEL32.DLL+0x174b4]
C  [ntdll.dll+0x526a1]


siginfo: EXCEPTION_ACCESS_VIOLATION (0xc0000005), reading address 0x0000000000000006


Register to memory mapping:

RIP=0x00007ff85db60c6b jvm.dll
RAX=0x000000fbdfefeb80 points into unknown readable memory: 0x000000004600008c | 8c 00 00 46 00 00 00 00
RBX=0x000000fbdfefeb50 points into unknown readable memory: 0x00007ff85dd2c088 | 88 c0 d2 5d f8 7f 00 00
RCX=0x0 is NULL
RDX=0x0 is NULL
RSP=0x000000fbdfefeae0 points into unknown readable memory: 0x000000fbdfefeb50 | 50 eb ef df fb 00 00 00
RBP=0x000000fbdfeff0a0 points into unknown readable memory: 0x000002ee7522eda8 | a8 ed 22 75 ee 02 00 00
RSI=0x0 is NULL
RDI=0x0 is NULL
R8 =0x0 is NULL
R9 =0x000002ee7d2fe438 is pointing into metadata
R10=0x00007ff85d470000 jvm.dll
R11=0x000000fbdfefefb0 points into unknown readable memory: 0x000000fbdfeff070 | 70 f0 ef df fb 00 00 00
R12=0x000002ee7522eb58 points into unknown readable memory: 0x0000008066521a00 | 00 1a 52 66 80 00 00 00
R13=0x00000000000000c8 is an unknown value
R14=0x000002ee7d2ff237 is pointing into metadata
R15=0x00000000000000b9 is an unknown value


Registers:
RAX=0x000000fbdfefeb80, RBX=0x000000fbdfefeb50, RCX=0x0000000000000000, RDX=0x0000000000000000
RSP=0x000000fbdfefeae0, RBP=0x000000fbdfeff0a0, RSI=0x0000000000000000, RDI=0x0000000000000000
R8 =0x0000000000000000, R9 =0x000002ee7d2fe438, R10=0x00007ff85d470000, R11=0x000000fbdfefefb0
R12=0x000002ee7522eb58, R13=0x00000000000000c8, R14=0x000002ee7d2ff237, R15=0x00000000000000b9
RIP=0x00007ff85db60c6b, EFLAGS=0x0000000000010246

Top of Stack: (sp=0x000000fbdfefeae0)
0x000000fbdfefeae0:   000000fbdfefeb50 00007ff85d6b880e
0x000000fbdfefeaf0:   000002ee7b84a000 00007ff85db611fb
0x000000fbdfefeb00:   000000fbdfefee09 00007ff8c99ddb07
0x000000fbdfefeb10:   0000000000000000 00007ff85d79da73
0x000000fbdfefeb20:   0000000000000000 000000fbdfeff210
0x000000fbdfefeb30:   0000000000000066 000002ee7ae0e2b3
0x000000fbdfefeb40:   00000000000003d8 ffffffffffffffff
0x000000fbdfefeb50:   00007ff85dd2c088 0000000000000000
0x000000fbdfefeb60:   0000000000000000 00007ff80000000c
0x000000fbdfefeb70:   000000fbdfefeb80 000000fb00000000
0x000000fbdfefeb80:   000000004600008c 000002ee7522ec7c
0x000000fbdfefeb90:   2fffffff4fffffff 4fffffff4fffffff
0x000000fbdfefeba0:   00007ff85dd2c088 000002ee766c5ea0
0x000000fbdfefebb0:   000000000000003f 000000000000000e
0x000000fbdfefebc0:   000000fbdfefebe0 00007ff8c7742437
0x000000fbdfefebd0:   0000000000000000 00007ff800000000 

Instructions: (pc=0x00007ff85db60c6b)
0x00007ff85db60b6b:   03 48 8b cb ff 50 30 ff 43 14 48 c1 ef 04 eb 86
0x00007ff85db60b7b:   48 8b 03 45 33 c0 33 d2 48 8b cb ff 50 48 ff 43
0x00007ff85db60b8b:   14 48 c1 ef 04 e9 6c ff ff ff 48 8b 03 48 8b cb
0x00007ff85db60b9b:   ff 50 38 83 43 14 02 48 c1 ef 04 e9 56 ff ff ff
0x00007ff85db60bab:   48 8b 03 48 8b cb ff 50 10 ff 43 14 48 c1 ef 04
0x00007ff85db60bbb:   e9 41 ff ff ff 48 8b 03 48 8b cb ff 50 18 83 43
0x00007ff85db60bcb:   14 02 48 c1 ef 04 e9 2b ff ff ff 48 8b 0d 23 0c
0x00007ff85db60bdb:   3d 00 48 8d 15 6c 4c 22 00 e8 67 fb f2 ff 48 8b
0x00007ff85db60beb:   0d 10 0c 3d 00 48 8d 15 71 4c 22 00 4c 8b c6 e8
0x00007ff85db60bfb:   51 fb f2 ff ba cb 00 00 00 48 8d 0d f5 4b 22 00
0x00007ff85db60c0b:   e8 40 ec b5 ff e8 3b 5b f2 ff 48 c1 ef 04 e9 e3
0x00007ff85db60c1b:   fe ff ff 66 90 22 0b 6f 00 33 0b 6f 00 45 0b 6f
0x00007ff85db60c2b:   00 57 0b 6f 00 69 0b 6f 00 95 0b 6f 00 ab 0b 6f
0x00007ff85db60c3b:   00 c0 0b 6f 00 7b 0b 6f 00 e1 0a 6f 00 cc cc cc
0x00007ff85db60c4b:   cc cc cc cc cc 40 53 48 83 ec 30 c7 41 10 00 00
0x00007ff85db60c5b:   00 00 48 8b d9 48 89 7c 24 48 48 8b 79 08 33 c9
0x00007ff85db60c6b:   80 7f 06 28 74 30 44 8d 41 35 c7 44 24 20 28 00
0x00007ff85db60c7b:   00 00 b9 00 00 00 e0 4c 8d 0d 67 4b 22 00 48 8d
0x00007ff85db60c8b:   15 70 4b 22 00 e8 2b ea b5 ff e8 b6 5a f2 ff 8b
0x00007ff85db60c9b:   4b 10 48 8b 7b 08 8d 41 01 48 63 c9 89 43 10 80
0x00007ff85db60cab:   7c 39 07 29 0f 84 f9 00 00 00 48 89 74 24 40 44
0x00007ff85db60cbb:   8b c0 48 8d 35 3c f3 90 ff 0f 1f 40 00 0f 1f 84
0x00007ff85db60ccb:   00 00 00 00 00 4d 63 c8 41 0f be 4c 39 06 83 c1
0x00007ff85db60cdb:   be 83 f9 19 0f 87 96 00 00 00 48 63 c9 0f b6 8c
0x00007ff85db60ceb:   0e 64 0e 6f 00 8b 94 8e 54 0e 6f 00 48 03 d6 ff
0x00007ff85db60cfb:   e2 41 8d 40 01 89 43 10 e9 8c 00 00 00 0f 1f 84
0x00007ff85db60d0b:   00 00 00 00 00 48 63 c8 ff c0 89 43 10 44 8b c0
0x00007ff85db60d1b:   80 7c 39 06 3b 75 ee eb 73 41 8d 40 01 89 43 10
0x00007ff85db60d2b:   41 80 7c 39 07 5b 75 1c 0f 1f 40 00 66 0f 1f 84
0x00007ff85db60d3b:   00 00 00 00 00 48 63 c8 ff c0 89 43 10 80 7c 39
0x00007ff85db60d4b:   07 5b 74 f1 48 63 c8 80 7c 39 06 4c 75 1b 0f 1f
0x00007ff85db60d5b:   80 00 00 00 00 48 63 c8 ff c0 89 43 10 44 8b c0 


Stack slot to memory mapping:
stack at sp + 0 slots: 0x000000fbdfefeb50 points into unknown readable memory: 0x00007ff85dd2c088 | 88 c0 d2 5d f8 7f 00 00
stack at sp + 1 slots: 0x00007ff85d6b880e jvm.dll
stack at sp + 2 slots: 0x000002ee7b84a000 points into unknown readable memory: 0x0000000000000000 | 00 00 00 00 00 00 00 00
stack at sp + 3 slots: 0x00007ff85db611fb jvm.dll
stack at sp + 4 slots: 0x000000fbdfefee09 points into unknown readable memory: 00 80 00 f8 7f 00 00
stack at sp + 5 slots: 0x00007ff8c99ddb07 ntdll.dll
stack at sp + 6 slots: 0x0 is NULL
stack at sp + 7 slots: 0x00007ff85d79da73 jvm.dll

VM_Operation (0x000000fbe09ff350): GetOrSetLocal, mode: safepoint, requested by thread 0x000002ee75e0a000


---------------  P R O C E S S  ---------------

Threads class SMR info:
_java_thread_list=0x000002ee766b47e0, length=28, elements={
0x000002ee75299000, 0x000002ee7529a000, 0x000002ee752b0000, 0x000002ee752b1000,
0x000002ee75b03800, 0x000002ee75b0e800, 0x000002ee75b18000, 0x000002ee75b1b800,
0x000002ee75c1c000, 0x000002ee75e0a000, 0x000002ee75d24000, 0x000002ee75d25000,
0x000002ee7c642800, 0x000002ee77de4000, 0x000002ee7b7b3800, 0x000002ee79b2f800,
0x000002ee7a3c4800, 0x000002ee7bba9800, 0x000002ee79b16000, 0x000002ee77db7000,
0x000002ee78bd0800, 0x000002ee79857000, 0x000002ee7ba01800, 0x000002ee7ba02000,
0x000002ee7ba07000, 0x000002ee7ba03000, 0x000002ee7ba08000, 0x000002ee7ba04000
}

Java Threads: ( => current thread )
  0x000002ee75299000 JavaThread "Reference Handler" daemon [_thread_blocked, id=4300, stack(0x000000fbdff00000,0x000000fbe0000000)]
  0x000002ee7529a000 JavaThread "Finalizer" daemon [_thread_blocked, id=13000, stack(0x000000fbe0000000,0x000000fbe0100000)]
  0x000002ee752b0000 JavaThread "Signal Dispatcher" daemon [_thread_blocked, id=14616, stack(0x000000fbe0100000,0x000000fbe0200000)]
  0x000002ee752b1000 JavaThread "Attach Listener" daemon [_thread_blocked, id=7008, stack(0x000000fbe0200000,0x000000fbe0300000)]
  0x000002ee75b03800 JavaThread "Service Thread" daemon [_thread_blocked, id=8944, stack(0x000000fbe0300000,0x000000fbe0400000)]
  0x000002ee75b0e800 JavaThread "C2 CompilerThread0" daemon [_thread_blocked, id=8972, stack(0x000000fbe0400000,0x000000fbe0500000)]
  0x000002ee75b18000 JavaThread "C1 CompilerThread0" daemon [_thread_blocked, id=11192, stack(0x000000fbe0500000,0x000000fbe0600000)]
  0x000002ee75b1b800 JavaThread "Sweeper thread" daemon [_thread_blocked, id=4916, stack(0x000000fbe0600000,0x000000fbe0700000)]
  0x000002ee75c1c000 JavaThread "Common-Cleaner" daemon [_thread_blocked, id=11096, stack(0x000000fbe0700000,0x000000fbe0800000)]
  0x000002ee75e0a000 JavaThread "JDWP Transport Listener: dt_socket" daemon [_thread_blocked, id=14600, stack(0x000000fbe0900000,0x000000fbe0a00000)] _threads_hazard_ptr=0x000002ee766b47e0
  0x000002ee75d24000 JavaThread "JDWP Event Helper Thread" daemon [_thread_blocked, id=9568, stack(0x000000fbe0a00000,0x000000fbe0b00000)]
  0x000002ee75d25000 JavaThread "JDWP Command Reader" daemon [_thread_in_native, id=15988, stack(0x000000fbe0b00000,0x000000fbe0c00000)]
  0x000002ee7c642800 JavaThread "Catalina-utility-1" [_thread_blocked, id=9472, stack(0x000000fbe1000000,0x000000fbe1100000)]
  0x000002ee77de4000 JavaThread "Catalina-utility-2" [_thread_blocked, id=7224, stack(0x000000fbe1300000,0x000000fbe1400000)]
  0x000002ee7b7b3800 JavaThread "container-0" [_thread_blocked, id=3920, stack(0x000000fbe1400000,0x000000fbe1500000)]
  0x000002ee79b2f800 JavaThread "http-nio-8081-exec-1" daemon [_thread_blocked, id=3992, stack(0x000000fbe1500000,0x000000fbe1600000)]
  0x000002ee7a3c4800 JavaThread "http-nio-8081-exec-2" daemon [_thread_blocked, id=8788, stack(0x000000fbe1600000,0x000000fbe1700000)]
  0x000002ee7bba9800 JavaThread "http-nio-8081-exec-3" daemon [_thread_blocked, id=2592, stack(0x000000fbe1700000,0x000000fbe1800000)]
  0x000002ee79b16000 JavaThread "http-nio-8081-exec-4" daemon [_thread_blocked, id=12196, stack(0x000000fbe1800000,0x000000fbe1900000)]
  0x000002ee77db7000 JavaThread "http-nio-8081-exec-5" daemon [_thread_blocked, id=16340, stack(0x000000fbe1900000,0x000000fbe1a00000)]
  0x000002ee78bd0800 JavaThread "http-nio-8081-exec-6" daemon [_thread_blocked, id=4272, stack(0x000000fbe1a00000,0x000000fbe1b00000)]
  0x000002ee79857000 JavaThread "http-nio-8081-exec-7" daemon [_thread_blocked, id=7944, stack(0x000000fbe1b00000,0x000000fbe1c00000)]
  0x000002ee7ba01800 JavaThread "http-nio-8081-exec-8" daemon [_thread_blocked, id=5532, stack(0x000000fbe1c00000,0x000000fbe1d00000)]
  0x000002ee7ba02000 JavaThread "http-nio-8081-exec-9" daemon [_thread_blocked, id=15692, stack(0x000000fbe1d00000,0x000000fbe1e00000)]
  0x000002ee7ba07000 JavaThread "http-nio-8081-exec-10" daemon [_thread_blocked, id=12632, stack(0x000000fbe1e00000,0x000000fbe1f00000)]
  0x000002ee7ba03000 JavaThread "http-nio-8081-Poller" daemon [_thread_blocked, id=13692, stack(0x000000fbe1f00000,0x000000fbe2000000)]
  0x000002ee7ba08000 JavaThread "http-nio-8081-Acceptor" daemon [_thread_in_native, id=1304, stack(0x000000fbe2000000,0x000000fbe2100000)]
  0x000002ee7ba04000 JavaThread "DestroyJavaVM" [_thread_blocked, id=4780, stack(0x000000fbdf800000,0x000000fbdf900000)]

Other Threads:
=>0x000002ee75276800 VMThread "VM Thread" [stack: 0x000000fbdfe00000,0x000000fbdff00000] [id=7204]
  0x000002ee761ba800 WatcherThread [stack: 0x000000fbe0c00000,0x000000fbe0d00000] [id=16056]
  0x000002ee5ad41000 GCTaskThread "GC Thread#0" [stack: 0x000000fbdf900000,0x000000fbdfa00000] [id=1980]
  0x000002ee764ba800 GCTaskThread "GC Thread#1" [stack: 0x000000fbe0d00000,0x000000fbe0e00000] [id=13232]
  0x000002ee7652f000 GCTaskThread "GC Thread#2" [stack: 0x000000fbe0e00000,0x000000fbe0f00000] [id=16224]
  0x000002ee78cb4000 GCTaskThread "GC Thread#3" [stack: 0x000000fbe1100000,0x000000fbe1200000] [id=7348]
  0x000002ee5ad74800 ConcurrentGCThread "G1 Main Marker" [stack: 0x000000fbdfa00000,0x000000fbdfb00000] [id=1232]
  0x000002ee5ad76000 ConcurrentGCThread "G1 Conc#0" [stack: 0x000000fbdfb00000,0x000000fbdfc00000] [id=12204]
  0x000002ee766b0000 ConcurrentGCThread "G1 Conc#1" [stack: 0x000000fbe1200000,0x000000fbe1300000] [id=7884]
  0x000002ee750e0800 ConcurrentGCThread "G1 Refine#0" [stack: 0x000000fbdfc00000,0x000000fbdfd00000] [id=7376]
  0x000002ee750e2800 ConcurrentGCThread "G1 Young RemSet Sampling" [stack: 0x000000fbdfd00000,0x000000fbdfe00000] [id=11216]

Threads with active compile tasks:

VM state:at safepoint (normal execution)

VM Mutex/Monitor currently owned by a thread:  ([mutex/lock_event])
[0x000002ee5ad258b0] Threads_lock - owner thread: 0x000002ee75276800

Heap address: 0x0000000081c00000, size: 2020 MB, Compressed Oops mode: 32-bit
Narrow klass base: 0x0000000000000000, Narrow klass shift: 3
Compressed class space size: 1073741824 Address: 0x0000000100000000

Heap:
 garbage-first heap   total 157696K, used 87876K [0x0000000081c00000, 0x0000000100000000)
  region size 1024K, 83 young (84992K), 7 survivors (7168K)
 Metaspace       used 42025K, capacity 43221K, committed 43548K, reserved 1087488K
  class space    used 4722K, capacity 5173K, committed 5248K, reserved 1048576K
Heap Regions: E=young(eden), S=young(survivor), O=old, HS=humongous(starts), HC=humongous(continues), CS=collection set, F=free, A=archive, TAMS=top-at-mark-start (previous, next)
|   0|0x0000000081c00000, 0x0000000081d00000, 0x0000000081d00000|100%| O|  |TAMS 0x0000000081d00000, 0x0000000081c00000| Untracked 
|   1|0x0000000081d00000, 0x0000000081e00000, 0x0000000081e00000|100%| O|  |TAMS 0x0000000081e00000, 0x0000000081d00000| Untracked 
|   2|0x0000000081e00000, 0x0000000081f00000, 0x0000000081f00000|100%| O|  |TAMS 0x0000000081f00000, 0x0000000081e00000| Untracked 
|   3|0x0000000081f00000, 0x0000000082000000, 0x0000000082000000|100%| O|  |TAMS 0x0000000082000000, 0x0000000081f00000| Untracked 
|   4|0x0000000082000000, 0x000000008201c000, 0x0000000082100000| 10%| O|  |TAMS 0x000000008201c000, 0x0000000082000000| Untracked 
|   5|0x0000000082100000, 0x0000000082100000, 0x0000000082200000|  0%| F|  |TAMS 0x0000000082100000, 0x0000000082100000| Untracked 
|   6|0x0000000082200000, 0x0000000082200000, 0x0000000082300000|  0%| F|  |TAMS 0x0000000082200000, 0x0000000082200000| Untracked 
|   7|0x0000000082300000, 0x0000000082300000, 0x0000000082400000|  0%| F|  |TAMS 0x0000000082300000, 0x0000000082300000| Untracked 
|   8|0x0000000082400000, 0x0000000082400000, 0x0000000082500000|  0%| F|  |TAMS 0x0000000082400000, 0x0000000082400000| Untracked 
|   9|0x0000000082500000, 0x0000000082500000, 0x0000000082600000|  0%| F|  |TAMS 0x0000000082500000, 0x0000000082500000| Untracked 
|  10|0x0000000082600000, 0x0000000082600000, 0x0000000082700000|  0%| F|  |TAMS 0x0000000082600000, 0x0000000082600000| Untracked 
|  11|0x0000000082700000, 0x0000000082700000, 0x0000000082800000|  0%| F|  |TAMS 0x0000000082700000, 0x0000000082700000| Untracked 
|  12|0x0000000082800000, 0x0000000082800000, 0x0000000082900000|  0%| F|  |TAMS 0x0000000082800000, 0x0000000082800000| Untracked 
|  13|0x0000000082900000, 0x0000000082900000, 0x0000000082a00000|  0%| F|  |TAMS 0x0000000082900000, 0x0000000082900000| Untracked 
|  14|0x0000000082a00000, 0x0000000082a00000, 0x0000000082b00000|  0%| F|  |TAMS 0x0000000082a00000, 0x0000000082a00000| Untracked 
|  15|0x0000000082b00000, 0x0000000082b00000, 0x0000000082c00000|  0%| F|  |TAMS 0x0000000082b00000, 0x0000000082b00000| Untracked 
|  16|0x0000000082c00000, 0x0000000082c00000, 0x0000000082d00000|  0%| F|  |TAMS 0x0000000082c00000, 0x0000000082c00000| Untracked 
|  17|0x0000000082d00000, 0x0000000082d00000, 0x0000000082e00000|  0%| F|  |TAMS 0x0000000082d00000, 0x0000000082d00000| Untracked 
|  18|0x0000000082e00000, 0x0000000082e00000, 0x0000000082f00000|  0%| F|  |TAMS 0x0000000082e00000, 0x0000000082e00000| Untracked 
|  19|0x0000000082f00000, 0x0000000082f00000, 0x0000000083000000|  0%| F|  |TAMS 0x0000000082f00000, 0x0000000082f00000| Untracked 
|  20|0x0000000083000000, 0x0000000083000000, 0x0000000083100000|  0%| F|  |TAMS 0x0000000083000000, 0x0000000083000000| Untracked 
|  21|0x0000000083100000, 0x0000000083100000, 0x0000000083200000|  0%| F|  |TAMS 0x0000000083100000, 0x0000000083100000| Untracked 
|  22|0x0000000083200000, 0x0000000083200000, 0x0000000083300000|  0%| F|  |TAMS 0x0000000083200000, 0x0000000083200000| Untracked 
|  23|0x0000000083300000, 0x0000000083300000, 0x0000000083400000|  0%| F|  |TAMS 0x0000000083300000, 0x0000000083300000| Untracked 
|  24|0x0000000083400000, 0x0000000083400000, 0x0000000083500000|  0%| F|  |TAMS 0x0000000083400000, 0x0000000083400000| Untracked 
|  25|0x0000000083500000, 0x0000000083500000, 0x0000000083600000|  0%| F|  |TAMS 0x0000000083500000, 0x0000000083500000| Untracked 
|  26|0x0000000083600000, 0x0000000083600000, 0x0000000083700000|  0%| F|  |TAMS 0x0000000083600000, 0x0000000083600000| Untracked 
|  27|0x0000000083700000, 0x0000000083700000, 0x0000000083800000|  0%| F|  |TAMS 0x0000000083700000, 0x0000000083700000| Untracked 
|  28|0x0000000083800000, 0x0000000083800000, 0x0000000083900000|  0%| F|  |TAMS 0x0000000083800000, 0x0000000083800000| Untracked 
|  29|0x0000000083900000, 0x0000000083900000, 0x0000000083a00000|  0%| F|  |TAMS 0x0000000083900000, 0x0000000083900000| Untracked 
|  30|0x0000000083a00000, 0x0000000083a00000, 0x0000000083b00000|  0%| F|  |TAMS 0x0000000083a00000, 0x0000000083a00000| Untracked 
|  31|0x0000000083b00000, 0x0000000083b00000, 0x0000000083c00000|  0%| F|  |TAMS 0x0000000083b00000, 0x0000000083b00000| Untracked 
|  32|0x0000000083c00000, 0x0000000083c00000, 0x0000000083d00000|  0%| F|  |TAMS 0x0000000083c00000, 0x0000000083c00000| Untracked 
|  33|0x0000000083d00000, 0x0000000083d00000, 0x0000000083e00000|  0%| F|  |TAMS 0x0000000083d00000, 0x0000000083d00000| Untracked 
|  34|0x0000000083e00000, 0x0000000083e00000, 0x0000000083f00000|  0%| F|  |TAMS 0x0000000083e00000, 0x0000000083e00000| Untracked 
|  35|0x0000000083f00000, 0x0000000083f00000, 0x0000000084000000|  0%| F|  |TAMS 0x0000000083f00000, 0x0000000083f00000| Untracked 
|  36|0x0000000084000000, 0x0000000084000000, 0x0000000084100000|  0%| F|  |TAMS 0x0000000084000000, 0x0000000084000000| Untracked 
|  37|0x0000000084100000, 0x0000000084100000, 0x0000000084200000|  0%| F|  |TAMS 0x0000000084100000, 0x0000000084100000| Untracked 
|  38|0x0000000084200000, 0x0000000084200000, 0x0000000084300000|  0%| F|  |TAMS 0x0000000084200000, 0x0000000084200000| Untracked 
|  39|0x0000000084300000, 0x0000000084300000, 0x0000000084400000|  0%| F|  |TAMS 0x0000000084300000, 0x0000000084300000| Untracked 
|  40|0x0000000084400000, 0x0000000084400000, 0x0000000084500000|  0%| F|  |TAMS 0x0000000084400000, 0x0000000084400000| Untracked 
|  41|0x0000000084500000, 0x0000000084500000, 0x0000000084600000|  0%| F|  |TAMS 0x0000000084500000, 0x0000000084500000| Untracked 
|  42|0x0000000084600000, 0x0000000084600000, 0x0000000084700000|  0%| F|  |TAMS 0x0000000084600000, 0x0000000084600000| Untracked 
|  43|0x0000000084700000, 0x0000000084700000, 0x0000000084800000|  0%| F|  |TAMS 0x0000000084700000, 0x0000000084700000| Untracked 
|  44|0x0000000084800000, 0x0000000084800000, 0x0000000084900000|  0%| F|  |TAMS 0x0000000084800000, 0x0000000084800000| Untracked 
|  45|0x0000000084900000, 0x0000000084900000, 0x0000000084a00000|  0%| F|  |TAMS 0x0000000084900000, 0x0000000084900000| Untracked 
|  46|0x0000000084a00000, 0x0000000084a00000, 0x0000000084b00000|  0%| F|  |TAMS 0x0000000084a00000, 0x0000000084a00000| Untracked 
|  47|0x0000000084b00000, 0x0000000084b00000, 0x0000000084c00000|  0%| F|  |TAMS 0x0000000084b00000, 0x0000000084b00000| Untracked 
|  48|0x0000000084c00000, 0x0000000084c00000, 0x0000000084d00000|  0%| F|  |TAMS 0x0000000084c00000, 0x0000000084c00000| Untracked 
|  49|0x0000000084d00000, 0x0000000084d00000, 0x0000000084e00000|  0%| F|  |TAMS 0x0000000084d00000, 0x0000000084d00000| Untracked 
|  50|0x0000000084e00000, 0x0000000084e00000, 0x0000000084f00000|  0%| F|  |TAMS 0x0000000084e00000, 0x0000000084e00000| Untracked 
|  51|0x0000000084f00000, 0x0000000084f00000, 0x0000000085000000|  0%| F|  |TAMS 0x0000000084f00000, 0x0000000084f00000| Untracked 
|  52|0x0000000085000000, 0x0000000085000000, 0x0000000085100000|  0%| F|  |TAMS 0x0000000085000000, 0x0000000085000000| Untracked 
|  53|0x0000000085100000, 0x0000000085100000, 0x0000000085200000|  0%| F|  |TAMS 0x0000000085100000, 0x0000000085100000| Untracked 
|  54|0x0000000085200000, 0x0000000085200000, 0x0000000085300000|  0%| F|  |TAMS 0x0000000085200000, 0x0000000085200000| Untracked 
|  55|0x0000000085300000, 0x0000000085300000, 0x0000000085400000|  0%| F|  |TAMS 0x0000000085300000, 0x0000000085300000| Untracked 
|  56|0x0000000085400000, 0x0000000085400000, 0x0000000085500000|  0%| F|  |TAMS 0x0000000085400000, 0x0000000085400000| Untracked 
|  57|0x0000000085500000, 0x0000000085500000, 0x0000000085600000|  0%| F|  |TAMS 0x0000000085500000, 0x0000000085500000| Untracked 
|  58|0x0000000085600000, 0x0000000085600000, 0x0000000085700000|  0%| F|  |TAMS 0x0000000085600000, 0x0000000085600000| Untracked 
|  59|0x0000000085700000, 0x0000000085700000, 0x0000000085800000|  0%| F|  |TAMS 0x0000000085700000, 0x0000000085700000| Untracked 
|  60|0x0000000085800000, 0x0000000085800000, 0x0000000085900000|  0%| F|  |TAMS 0x0000000085800000, 0x0000000085800000| Untracked 
|  61|0x0000000085900000, 0x00000000859b5230, 0x0000000085a00000| 70%| S|CS|TAMS 0x0000000085900000, 0x0000000085900000| Complete 
|  62|0x0000000085a00000, 0x0000000085b00000, 0x0000000085b00000|100%| S|CS|TAMS 0x0000000085a00000, 0x0000000085a00000| Complete 
|  63|0x0000000085b00000, 0x0000000085c00000, 0x0000000085c00000|100%| S|CS|TAMS 0x0000000085b00000, 0x0000000085b00000| Complete 
|  64|0x0000000085c00000, 0x0000000085d00000, 0x0000000085d00000|100%| S|CS|TAMS 0x0000000085c00000, 0x0000000085c00000| Complete 
|  65|0x0000000085d00000, 0x0000000085e00000, 0x0000000085e00000|100%| S|CS|TAMS 0x0000000085d00000, 0x0000000085d00000| Complete 
|  66|0x0000000085e00000, 0x0000000085f00000, 0x0000000085f00000|100%| S|CS|TAMS 0x0000000085e00000, 0x0000000085e00000| Complete 
|  67|0x0000000085f00000, 0x0000000086000000, 0x0000000086000000|100%| S|CS|TAMS 0x0000000085f00000, 0x0000000085f00000| Complete 
|  68|0x0000000086000000, 0x0000000086000000, 0x0000000086100000|  0%| F|  |TAMS 0x0000000086000000, 0x0000000086000000| Untracked 
|  69|0x0000000086100000, 0x0000000086100000, 0x0000000086200000|  0%| F|  |TAMS 0x0000000086100000, 0x0000000086100000| Untracked 
|  70|0x0000000086200000, 0x0000000086200000, 0x0000000086300000|  0%| F|  |TAMS 0x0000000086200000, 0x0000000086200000| Untracked 
|  71|0x0000000086300000, 0x0000000086300000, 0x0000000086400000|  0%| F|  |TAMS 0x0000000086300000, 0x0000000086300000| Untracked 
|  72|0x0000000086400000, 0x0000000086400000, 0x0000000086500000|  0%| F|  |TAMS 0x0000000086400000, 0x0000000086400000| Untracked 
|  73|0x0000000086500000, 0x0000000086500000, 0x0000000086600000|  0%| F|  |TAMS 0x0000000086500000, 0x0000000086500000| Untracked 
|  74|0x0000000086600000, 0x0000000086600000, 0x0000000086700000|  0%| F|  |TAMS 0x0000000086600000, 0x0000000086600000| Untracked 
|  75|0x0000000086700000, 0x0000000086700000, 0x0000000086800000|  0%| F|  |TAMS 0x0000000086700000, 0x0000000086700000| Untracked 
|  76|0x0000000086800000, 0x0000000086800000, 0x0000000086900000|  0%| F|  |TAMS 0x0000000086800000, 0x0000000086800000| Untracked 
|  77|0x0000000086900000, 0x0000000086900000, 0x0000000086a00000|  0%| F|  |TAMS 0x0000000086900000, 0x0000000086900000| Untracked 
|  78|0x0000000086a00000, 0x0000000086a80800, 0x0000000086b00000| 50%| E|  |TAMS 0x0000000086a00000, 0x0000000086a00000| Complete 
|  79|0x0000000086b00000, 0x0000000086c00000, 0x0000000086c00000|100%| E|CS|TAMS 0x0000000086b00000, 0x0000000086b00000| Complete 
|  80|0x0000000086c00000, 0x0000000086d00000, 0x0000000086d00000|100%| E|CS|TAMS 0x0000000086c00000, 0x0000000086c00000| Complete 
|  81|0x0000000086d00000, 0x0000000086e00000, 0x0000000086e00000|100%| E|CS|TAMS 0x0000000086d00000, 0x0000000086d00000| Complete 
|  82|0x0000000086e00000, 0x0000000086f00000, 0x0000000086f00000|100%| E|CS|TAMS 0x0000000086e00000, 0x0000000086e00000| Complete 
|  83|0x0000000086f00000, 0x0000000087000000, 0x0000000087000000|100%| E|CS|TAMS 0x0000000086f00000, 0x0000000086f00000| Complete 
|  84|0x0000000087000000, 0x0000000087100000, 0x0000000087100000|100%| E|CS|TAMS 0x0000000087000000, 0x0000000087000000| Complete 
|  85|0x0000000087100000, 0x0000000087200000, 0x0000000087200000|100%| E|CS|TAMS 0x0000000087100000, 0x0000000087100000| Complete 
|  86|0x0000000087200000, 0x0000000087300000, 0x0000000087300000|100%| E|CS|TAMS 0x0000000087200000, 0x0000000087200000| Complete 
|  87|0x0000000087300000, 0x0000000087400000, 0x0000000087400000|100%| E|CS|TAMS 0x0000000087300000, 0x0000000087300000| Complete 
|  88|0x0000000087400000, 0x0000000087500000, 0x0000000087500000|100%| E|CS|TAMS 0x0000000087400000, 0x0000000087400000| Complete 
|  89|0x0000000087500000, 0x0000000087600000, 0x0000000087600000|100%| E|CS|TAMS 0x0000000087500000, 0x0000000087500000| Complete 
|  90|0x0000000087600000, 0x0000000087700000, 0x0000000087700000|100%| E|CS|TAMS 0x0000000087600000, 0x0000000087600000| Complete 
|  91|0x0000000087700000, 0x0000000087800000, 0x0000000087800000|100%| E|CS|TAMS 0x0000000087700000, 0x0000000087700000| Complete 
|  92|0x0000000087800000, 0x0000000087900000, 0x0000000087900000|100%| E|CS|TAMS 0x0000000087800000, 0x0000000087800000| Complete 
|  93|0x0000000087900000, 0x0000000087a00000, 0x0000000087a00000|100%| E|CS|TAMS 0x0000000087900000, 0x0000000087900000| Complete 
|  94|0x0000000087a00000, 0x0000000087b00000, 0x0000000087b00000|100%| E|CS|TAMS 0x0000000087a00000, 0x0000000087a00000| Complete 
|  95|0x0000000087b00000, 0x0000000087c00000, 0x0000000087c00000|100%| E|CS|TAMS 0x0000000087b00000, 0x0000000087b00000| Complete 
|  96|0x0000000087c00000, 0x0000000087d00000, 0x0000000087d00000|100%| E|CS|TAMS 0x0000000087c00000, 0x0000000087c00000| Complete 
|  97|0x0000000087d00000, 0x0000000087e00000, 0x0000000087e00000|100%| E|CS|TAMS 0x0000000087d00000, 0x0000000087d00000| Complete 
|  98|0x0000000087e00000, 0x0000000087f00000, 0x0000000087f00000|100%| E|CS|TAMS 0x0000000087e00000, 0x0000000087e00000| Complete 
|  99|0x0000000087f00000, 0x0000000088000000, 0x0000000088000000|100%| E|CS|TAMS 0x0000000087f00000, 0x0000000087f00000| Complete 
| 100|0x0000000088000000, 0x0000000088100000, 0x0000000088100000|100%| E|CS|TAMS 0x0000000088000000, 0x0000000088000000| Complete 
| 101|0x0000000088100000, 0x0000000088200000, 0x0000000088200000|100%| E|CS|TAMS 0x0000000088100000, 0x0000000088100000| Complete 
| 102|0x0000000088200000, 0x0000000088300000, 0x0000000088300000|100%| E|CS|TAMS 0x0000000088200000, 0x0000000088200000| Complete 
| 103|0x0000000088300000, 0x0000000088400000, 0x0000000088400000|100%| E|CS|TAMS 0x0000000088300000, 0x0000000088300000| Complete 
| 104|0x0000000088400000, 0x0000000088500000, 0x0000000088500000|100%| E|CS|TAMS 0x0000000088400000, 0x0000000088400000| Complete 
| 105|0x0000000088500000, 0x0000000088600000, 0x0000000088600000|100%| E|CS|TAMS 0x0000000088500000, 0x0000000088500000| Complete 
| 106|0x0000000088600000, 0x0000000088700000, 0x0000000088700000|100%| E|CS|TAMS 0x0000000088600000, 0x0000000088600000| Complete 
| 107|0x0000000088700000, 0x0000000088800000, 0x0000000088800000|100%| E|CS|TAMS 0x0000000088700000, 0x0000000088700000| Complete 
| 108|0x0000000088800000, 0x0000000088900000, 0x0000000088900000|100%| E|CS|TAMS 0x0000000088800000, 0x0000000088800000| Complete 
| 109|0x0000000088900000, 0x0000000088a00000, 0x0000000088a00000|100%| E|CS|TAMS 0x0000000088900000, 0x0000000088900000| Complete 
| 110|0x0000000088a00000, 0x0000000088b00000, 0x0000000088b00000|100%| E|CS|TAMS 0x0000000088a00000, 0x0000000088a00000| Complete 
| 111|0x0000000088b00000, 0x0000000088c00000, 0x0000000088c00000|100%| E|CS|TAMS 0x0000000088b00000, 0x0000000088b00000| Complete 
| 112|0x0000000088c00000, 0x0000000088d00000, 0x0000000088d00000|100%| E|CS|TAMS 0x0000000088c00000, 0x0000000088c00000| Complete 
| 113|0x0000000088d00000, 0x0000000088e00000, 0x0000000088e00000|100%| E|CS|TAMS 0x0000000088d00000, 0x0000000088d00000| Complete 
| 114|0x0000000088e00000, 0x0000000088f00000, 0x0000000088f00000|100%| E|CS|TAMS 0x0000000088e00000, 0x0000000088e00000| Complete 
| 115|0x0000000088f00000, 0x0000000089000000, 0x0000000089000000|100%| E|CS|TAMS 0x0000000088f00000, 0x0000000088f00000| Complete 
| 116|0x0000000089000000, 0x0000000089100000, 0x0000000089100000|100%| E|CS|TAMS 0x0000000089000000, 0x0000000089000000| Complete 
| 117|0x0000000089100000, 0x0000000089200000, 0x0000000089200000|100%| E|CS|TAMS 0x0000000089100000, 0x0000000089100000| Complete 
| 118|0x0000000089200000, 0x0000000089300000, 0x0000000089300000|100%| E|CS|TAMS 0x0000000089200000, 0x0000000089200000| Complete 
| 119|0x0000000089300000, 0x0000000089400000, 0x0000000089400000|100%| E|CS|TAMS 0x0000000089300000, 0x0000000089300000| Complete 
| 120|0x0000000089400000, 0x0000000089500000, 0x0000000089500000|100%| E|CS|TAMS 0x0000000089400000, 0x0000000089400000| Complete 
| 121|0x0000000089500000, 0x0000000089600000, 0x0000000089600000|100%| E|CS|TAMS 0x0000000089500000, 0x0000000089500000| Complete 
| 122|0x0000000089600000, 0x0000000089700000, 0x0000000089700000|100%| E|CS|TAMS 0x0000000089600000, 0x0000000089600000| Complete 
| 123|0x0000000089700000, 0x0000000089800000, 0x0000000089800000|100%| E|CS|TAMS 0x0000000089700000, 0x0000000089700000| Complete 
| 124|0x0000000089800000, 0x0000000089900000, 0x0000000089900000|100%| E|CS|TAMS 0x0000000089800000, 0x0000000089800000| Complete 
| 125|0x0000000089900000, 0x0000000089a00000, 0x0000000089a00000|100%| E|CS|TAMS 0x0000000089900000, 0x0000000089900000| Complete 
| 126|0x0000000089a00000, 0x0000000089b00000, 0x0000000089b00000|100%| E|CS|TAMS 0x0000000089a00000, 0x0000000089a00000| Complete 
| 127|0x0000000089b00000, 0x0000000089c00000, 0x0000000089c00000|100%| E|CS|TAMS 0x0000000089b00000, 0x0000000089b00000| Complete 
| 128|0x0000000089c00000, 0x0000000089d00000, 0x0000000089d00000|100%| E|CS|TAMS 0x0000000089c00000, 0x0000000089c00000| Complete 
| 129|0x0000000089d00000, 0x0000000089e00000, 0x0000000089e00000|100%| E|CS|TAMS 0x0000000089d00000, 0x0000000089d00000| Complete 
| 130|0x0000000089e00000, 0x0000000089f00000, 0x0000000089f00000|100%| E|CS|TAMS 0x0000000089e00000, 0x0000000089e00000| Complete 
| 131|0x0000000089f00000, 0x000000008a000000, 0x000000008a000000|100%| E|CS|TAMS 0x0000000089f00000, 0x0000000089f00000| Complete 
| 132|0x000000008a000000, 0x000000008a100000, 0x000000008a100000|100%| E|CS|TAMS 0x000000008a000000, 0x000000008a000000| Complete 
| 133|0x000000008a100000, 0x000000008a200000, 0x000000008a200000|100%| E|CS|TAMS 0x000000008a100000, 0x000000008a100000| Complete 
| 134|0x000000008a200000, 0x000000008a300000, 0x000000008a300000|100%| E|CS|TAMS 0x000000008a200000, 0x000000008a200000| Complete 
| 135|0x000000008a300000, 0x000000008a400000, 0x000000008a400000|100%| E|CS|TAMS 0x000000008a300000, 0x000000008a300000| Complete 
| 136|0x000000008a400000, 0x000000008a500000, 0x000000008a500000|100%| E|CS|TAMS 0x000000008a400000, 0x000000008a400000| Complete 
| 137|0x000000008a500000, 0x000000008a600000, 0x000000008a600000|100%| E|CS|TAMS 0x000000008a500000, 0x000000008a500000| Complete 
| 138|0x000000008a600000, 0x000000008a700000, 0x000000008a700000|100%| E|CS|TAMS 0x000000008a600000, 0x000000008a600000| Complete 
| 139|0x000000008a700000, 0x000000008a800000, 0x000000008a800000|100%| E|CS|TAMS 0x000000008a700000, 0x000000008a700000| Complete 
| 140|0x000000008a800000, 0x000000008a900000, 0x000000008a900000|100%| E|CS|TAMS 0x000000008a800000, 0x000000008a800000| Complete 
| 141|0x000000008a900000, 0x000000008aa00000, 0x000000008aa00000|100%| E|CS|TAMS 0x000000008a900000, 0x000000008a900000| Complete 
| 142|0x000000008aa00000, 0x000000008ab00000, 0x000000008ab00000|100%| E|CS|TAMS 0x000000008aa00000, 0x000000008aa00000| Complete 
| 143|0x000000008ab00000, 0x000000008ac00000, 0x000000008ac00000|100%| E|CS|TAMS 0x000000008ab00000, 0x000000008ab00000| Complete 
| 144|0x000000008ac00000, 0x000000008ad00000, 0x000000008ad00000|100%| E|CS|TAMS 0x000000008ac00000, 0x000000008ac00000| Complete 
| 145|0x000000008ad00000, 0x000000008ae00000, 0x000000008ae00000|100%| E|CS|TAMS 0x000000008ad00000, 0x000000008ad00000| Complete 
| 146|0x000000008ae00000, 0x000000008af00000, 0x000000008af00000|100%| E|CS|TAMS 0x000000008ae00000, 0x000000008ae00000| Complete 
| 147|0x000000008af00000, 0x000000008b000000, 0x000000008b000000|100%| E|CS|TAMS 0x000000008af00000, 0x000000008af00000| Complete 
| 148|0x000000008b000000, 0x000000008b100000, 0x000000008b100000|100%| E|CS|TAMS 0x000000008b000000, 0x000000008b000000| Complete 
| 149|0x000000008b100000, 0x000000008b200000, 0x000000008b200000|100%| E|CS|TAMS 0x000000008b100000, 0x000000008b100000| Complete 
| 150|0x000000008b200000, 0x000000008b300000, 0x000000008b300000|100%| E|CS|TAMS 0x000000008b200000, 0x000000008b200000| Complete 
| 151|0x000000008b300000, 0x000000008b400000, 0x000000008b400000|100%| E|CS|TAMS 0x000000008b300000, 0x000000008b300000| Complete 
| 152|0x000000008b400000, 0x000000008b500000, 0x000000008b500000|100%| E|CS|TAMS 0x000000008b400000, 0x000000008b400000| Complete 
| 153|0x000000008b500000, 0x000000008b600000, 0x000000008b600000|100%| E|CS|TAMS 0x000000008b500000, 0x000000008b500000| Complete 

Card table byte_map: [0x000002ee6e100000,0x000002ee6e500000] _byte_map_base: 0x000002ee6dcf2000

Marking Bits (Prev, Next): (CMBitMap*) 0x000002ee5ad6b9d8, (CMBitMap*) 0x000002ee5ad6ba10
 Prev Bits: [0x000002ee6e900000, 0x000002ee70890000)
 Next Bits: [0x000002ee70890000, 0x000002ee72820000)

Polling page: 0x000002ee5a500000

Metaspace:

Usage:
  Non-class:     37.16 MB capacity,    36.43 MB ( 98%) used,   605.26 KB (  2%) free+waste,   139.06 KB ( <1%) overhead. 
      Class:      5.05 MB capacity,     4.61 MB ( 91%) used,   386.74 KB (  7%) free+waste,    64.19 KB (  1%) overhead. 
       Both:     42.21 MB capacity,    41.04 MB ( 97%) used,   992.00 KB (  2%) free+waste,   203.25 KB ( <1%) overhead. 

Virtual space:
  Non-class space:       38.00 MB reserved,      37.40 MB ( 98%) committed 
      Class space:        1.00 GB reserved,       5.13 MB ( <1%) committed 
             Both:        1.04 GB reserved,      42.53 MB (  4%) committed 

Chunk freelists:
   Non-Class:  60.00 KB
       Class:  11.00 KB
        Both:  71.00 KB

MaxMetaspaceSize: 17179869184.00 GB
CompressedClassSpaceSize: 1.00 GB
Initial GC threshold: 20.80 MB
Current GC threshold: 59.00 MB
CDS: off

CodeHeap 'non-profiled nmethods': size=120000Kb used=2649Kb max_used=2649Kb free=117350Kb
 bounds [0x000002ee664a0000, 0x000002ee66740000, 0x000002ee6d9d0000]
CodeHeap 'profiled nmethods': size=120000Kb used=8917Kb max_used=8917Kb free=111082Kb
 bounds [0x000002ee5ef70000, 0x000002ee5f830000, 0x000002ee664a0000]
CodeHeap 'non-nmethods': size=5760Kb used=1308Kb max_used=1350Kb free=4451Kb
 bounds [0x000002ee5e9d0000, 0x000002ee5ec40000, 0x000002ee5ef70000]
 total_blobs=4470 nmethods=3965 adapters=425
 compilation: enabled
              stopped_count=0, restarted_count=0
 full_count=0

Compilation events (20 events):
Event: 413.176 Thread 0x000002ee75b18000 3979       3       java.util.concurrent.ScheduledThreadPoolExecutor::reExecutePeriodic (49 bytes)
Event: 413.177 Thread 0x000002ee75b18000 nmethod 3979 0x000002ee5f821b10 code [0x000002ee5f821d40, 0x000002ee5f8223c8]
Event: 413.178 Thread 0x000002ee75b18000 3980       3       java.util.concurrent.ThreadPoolExecutor::afterExecute (1 bytes)
Event: 413.178 Thread 0x000002ee75b18000 nmethod 3980 0x000002ee5f822610 code [0x000002ee5f8227c0, 0x000002ee5f8228b8]
Event: 423.188 Thread 0x000002ee75b18000 3981       3       java.util.HashMap$Values::size (8 bytes)
Event: 423.188 Thread 0x000002ee75b18000 nmethod 3981 0x000002ee5f822990 code [0x000002ee5f822b40, 0x000002ee5f822c58]
Event: 433.193 Thread 0x000002ee75b18000 3982       1       org.apache.catalina.core.ContainerBase::getBackgroundProcessorDelay (5 bytes)
Event: 433.193 Thread 0x000002ee75b18000 nmethod 3982 0x000002ee66735d10 code [0x000002ee66735ec0, 0x000002ee66735f78]
Event: 433.193 Thread 0x000002ee75b18000 3983       3       org.apache.catalina.valves.ValveBase::backgroundProcess (1 bytes)
Event: 433.194 Thread 0x000002ee75b18000 nmethod 3983 0x000002ee5f822d10 code [0x000002ee5f822ec0, 0x000002ee5f822fb8]
Event: 443.199 Thread 0x000002ee75b0e800 3984       4       java.lang.Thread::interrupted (8 bytes)
Event: 443.200 Thread 0x000002ee75b0e800 nmethod 3984 0x000002ee66736010 code [0x000002ee667361a0, 0x000002ee66736228]
Event: 513.251 Thread 0x000002ee75b18000 3985       3       java.util.Collections$ReverseComparator2::compare (12 bytes)
Event: 513.251 Thread 0x000002ee75b18000 nmethod 3985 0x000002ee5f823090 code [0x000002ee5f823240, 0x000002ee5f823408]
Event: 514.714 Thread 0x000002ee75b18000 3988       3       java.nio.channels.spi.AbstractSelector::begin (48 bytes)
Event: 514.716 Thread 0x000002ee75b18000 nmethod 3988 0x000002ee5f823510 code [0x000002ee5f823740, 0x000002ee5f8240b8]
Event: 514.716 Thread 0x000002ee75b18000 3986       3       sun.nio.ch.WindowsSelectorImpl::updateSelectedKeys (78 bytes)
Event: 514.717 Thread 0x000002ee75b18000 nmethod 3986 0x000002ee5f824410 code [0x000002ee5f824640, 0x000002ee5f824c68]
Event: 514.717 Thread 0x000002ee75b18000 3987   !   3       sun.nio.ch.WindowsSelectorImpl::resetWakeupSocket (41 bytes)
Event: 514.717 Thread 0x000002ee75b18000 nmethod 3987 0x000002ee5f824f10 code [0x000002ee5f8250e0, 0x000002ee5f825488]

GC Heap History (10 events):
Event: 0.574 GC heap before
{Heap before GC invocations=0 (full 0):
 garbage-first heap   total 131072K, used 23552K [0x0000000081c00000, 0x0000000100000000)
  region size 1024K, 24 young (24576K), 0 survivors (0K)
 Metaspace       used 12142K, capacity 12329K, committed 12416K, reserved 1060864K
  class space    used 1080K, capacity 1147K, committed 1152K, reserved 1048576K
}
Event: 0.579 GC heap after
{Heap after GC invocations=1 (full 0):
 garbage-first heap   total 131072K, used 4253K [0x0000000081c00000, 0x0000000100000000)
  region size 1024K, 3 young (3072K), 3 survivors (3072K)
 Metaspace       used 12142K, capacity 12329K, committed 12416K, reserved 1060864K
  class space    used 1080K, capacity 1147K, committed 1152K, reserved 1048576K
}
Event: 1.141 GC heap before
{Heap before GC invocations=1 (full 0):
 garbage-first heap   total 131072K, used 71837K [0x0000000081c00000, 0x0000000100000000)
  region size 1024K, 71 young (72704K), 3 survivors (3072K)
 Metaspace       used 20670K, capacity 21127K, committed 21296K, reserved 1069056K
  class space    used 2154K, capacity 2349K, committed 2432K, reserved 1048576K
}
Event: 1.147 GC heap after
{Heap after GC invocations=2 (full 0):
 garbage-first heap   total 131072K, used 6301K [0x0000000081c00000, 0x0000000100000000)
  region size 1024K, 5 young (5120K), 5 survivors (5120K)
 Metaspace       used 20670K, capacity 21127K, committed 21296K, reserved 1069056K
  class space    used 2154K, capacity 2349K, committed 2432K, reserved 1048576K
}
Event: 1.295 GC heap before
{Heap before GC invocations=3 (full 0):
 garbage-first heap   total 131072K, used 51357K [0x0000000081c00000, 0x0000000100000000)
  region size 1024K, 50 young (51200K), 5 survivors (5120K)
 Metaspace       used 24487K, capacity 24990K, committed 25008K, reserved 1071104K
  class space    used 2589K, capacity 2804K, committed 2816K, reserved 1048576K
}
Event: 1.302 GC heap after
{Heap after GC invocations=4 (full 0):
 garbage-first heap   total 131072K, used 6879K [0x0000000081c00000, 0x0000000100000000)
  region size 1024K, 3 young (3072K), 3 survivors (3072K)
 Metaspace       used 24487K, capacity 24990K, committed 25008K, reserved 1071104K
  class space    used 2589K, capacity 2804K, committed 2816K, reserved 1048576K
}
Event: 1.821 GC heap before
{Heap before GC invocations=4 (full 0):
 garbage-first heap   total 131072K, used 77535K [0x0000000081c00000, 0x0000000100000000)
  region size 1024K, 72 young (73728K), 3 survivors (3072K)
 Metaspace       used 29038K, capacity 29680K, committed 29744K, reserved 1075200K
  class space    used 3143K, capacity 3397K, committed 3456K, reserved 1048576K
}
Event: 1.826 GC heap after
{Heap after GC invocations=5 (full 0):
 garbage-first heap   total 131072K, used 8304K [0x0000000081c00000, 0x0000000100000000)
  region size 1024K, 4 young (4096K), 4 survivors (4096K)
 Metaspace       used 29038K, capacity 29680K, committed 29744K, reserved 1075200K
  class space    used 3143K, capacity 3397K, committed 3456K, reserved 1048576K
}
Event: 2.625 GC heap before
{Heap before GC invocations=5 (full 0):
 garbage-first heap   total 131072K, used 68720K [0x0000000081c00000, 0x0000000100000000)
  region size 1024K, 64 young (65536K), 4 survivors (4096K)
 Metaspace       used 34972K, capacity 35809K, committed 35888K, reserved 1081344K
  class space    used 3866K, capacity 4204K, committed 4224K, reserved 1048576K
}
Event: 2.638 GC heap after
{Heap after GC invocations=6 (full 0):
 garbage-first heap   total 157696K, used 11076K [0x0000000081c00000, 0x0000000100000000)
  region size 1024K, 7 young (7168K), 7 survivors (7168K)
 Metaspace       used 34972K, capacity 35809K, committed 35888K, reserved 1081344K
  class space    used 3866K, capacity 4204K, committed 4224K, reserved 1048576K
}

Deoptimization events (20 events):
Event: 36.693 Thread 0x000002ee79b2f800 DEOPT PACKING pc=0x000002ee66535780 sp=0x000000fbe15fca80
Event: 36.693 Thread 0x000002ee79b2f800 DEOPT UNPACKING pc=0x000002ee5ea1a1af sp=0x000000fbe15fca20 mode 2
Event: 36.705 Thread 0x000002ee79b2f800 DEOPT PACKING pc=0x000002ee5f73a36d sp=0x000000fbe15fa130
Event: 36.705 Thread 0x000002ee79b2f800 DEOPT UNPACKING pc=0x000002ee5ea1a95e sp=0x000000fbe15f97e0 mode 0
Event: 41.664 Thread 0x000002ee79b2f800 DEOPT PACKING pc=0x000002ee5f0e5214 sp=0x000000fbe15fcbc0
Event: 41.664 Thread 0x000002ee79b2f800 DEOPT UNPACKING pc=0x000002ee5ea1a95e sp=0x000000fbe15fc058 mode 1
Event: 41.664 Thread 0x000002ee79b2f800 DEOPT PACKING pc=0x000002ee5f13bcd4 sp=0x000000fbe15fcc90
Event: 41.664 Thread 0x000002ee79b2f800 DEOPT UNPACKING pc=0x000002ee5ea1a95e sp=0x000000fbe15fc148 mode 1
Event: 41.669 Thread 0x000002ee79b2f800 DEOPT PACKING pc=0x000002ee5f0e5214 sp=0x000000fbe15fd340
Event: 41.669 Thread 0x000002ee79b2f800 DEOPT UNPACKING pc=0x000002ee5ea1a95e sp=0x000000fbe15fc7d8 mode 1
Event: 41.669 Thread 0x000002ee79b2f800 DEOPT PACKING pc=0x000002ee5f13bcd4 sp=0x000000fbe15fd410
Event: 41.669 Thread 0x000002ee79b2f800 DEOPT UNPACKING pc=0x000002ee5ea1a95e sp=0x000000fbe15fc8c8 mode 1
Event: 41.669 Thread 0x000002ee79b2f800 DEOPT PACKING pc=0x000002ee5f0e5214 sp=0x000000fbe15fd400
Event: 41.669 Thread 0x000002ee79b2f800 DEOPT UNPACKING pc=0x000002ee5ea1a95e sp=0x000000fbe15fc898 mode 1
Event: 41.669 Thread 0x000002ee79b2f800 DEOPT PACKING pc=0x000002ee5f13bcd4 sp=0x000000fbe15fd4d0
Event: 41.669 Thread 0x000002ee79b2f800 DEOPT UNPACKING pc=0x000002ee5ea1a95e sp=0x000000fbe15fc988 mode 1
Event: 41.670 Thread 0x000002ee79b2f800 DEOPT PACKING pc=0x000002ee5f0e5214 sp=0x000000fbe15fd4d0
Event: 41.670 Thread 0x000002ee79b2f800 DEOPT UNPACKING pc=0x000002ee5ea1a95e sp=0x000000fbe15fc968 mode 1
Event: 41.670 Thread 0x000002ee79b2f800 DEOPT PACKING pc=0x000002ee5f13bcd4 sp=0x000000fbe15fd5a0
Event: 41.670 Thread 0x000002ee79b2f800 DEOPT UNPACKING pc=0x000002ee5ea1a95e sp=0x000000fbe15fca58 mode 1

Classes redefined (2 events):
Event: 223.654 Thread 0x000002ee75276800 redefined class name=com.thanhtu.myAPI.controller.JsonController, count=1
Event: 522.617 Thread 0x000002ee75276800 redefined class name=com.thanhtu.myAPI.controller.JsonController, count=2

Internal exceptions (20 events):
Event: 2.905 Thread 0x000002ee5ad2a000 Exception <a 'java/lang/ClassNotFoundException'{0x000000008aaf3910}: java/lang/ObjectCustomizer> (0x000000008aaf3910) thrown at [./src/hotspot/share/classfile/systemDictionary.cpp, line 230]
Event: 2.907 Thread 0x000002ee5ad2a000 Exception <a 'java/lang/ClassNotFoundException'{0x000000008a904468}: org/springframework/web/servlet/config/annotation/WebMvcConfigurationSupportCustomizer> (0x000000008a904468) thrown at [./src/hotspot/share/classfile/systemDictionary.cpp, line 230]
Event: 2.908 Thread 0x000002ee5ad2a000 Exception <a 'java/lang/ClassNotFoundException'{0x000000008a920ff8}: org/springframework/web/servlet/config/annotation/DelegatingWebMvcConfigurationCustomizer> (0x000000008a920ff8) thrown at [./src/hotspot/share/classfile/systemDictionary.cpp, line 230]
Event: 2.909 Thread 0x000002ee5ad2a000 Exception <a 'java/lang/ClassNotFoundException'{0x000000008a935068}: org/springframework/boot/autoconfigure/web/servlet/WebMvcAutoConfiguration$EnableWebMvcConfigurationCustomizer> (0x000000008a935068) thrown at [./src/hotspot/share/classfile/systemDictionary.cpp, line 230]
Event: 2.911 Thread 0x000002ee5ad2a000 Exception <a 'java/lang/ClassNotFoundException'{0x000000008a94e828}: org/springframework/context/ResourceLoaderAwareCustomizer> (0x000000008a94e828) thrown at [./src/hotspot/share/classfile/systemDictionary.cpp, line 230]
Event: 2.912 Thread 0x000002ee5ad2a000 Exception <a 'java/lang/ClassNotFoundException'{0x000000008a9593b8}: org/springframework/beans/factory/AwareCustomizer> (0x000000008a9593b8) thrown at [./src/hotspot/share/classfile/systemDictionary.cpp, line 230]
Event: 2.912 Thread 0x000002ee5ad2a000 Exception <a 'java/lang/ClassNotFoundException'{0x000000008a9643c8}: org/springframework/context/ApplicationContextAwareCustomizer> (0x000000008a9643c8) thrown at [./src/hotspot/share/classfile/systemDictionary.cpp, line 230]
Event: 2.913 Thread 0x000002ee5ad2a000 Exception <a 'java/lang/ClassNotFoundException'{0x000000008a96f8f8}: org/springframework/beans/factory/AwareCustomizer> (0x000000008a96f8f8) thrown at [./src/hotspot/share/classfile/systemDictionary.cpp, line 230]
Event: 2.913 Thread 0x000002ee5ad2a000 Exception <a 'java/lang/ClassNotFoundException'{0x000000008a97a8e0}: org/springframework/web/context/ServletContextAwareCustomizer> (0x000000008a97a8e0) thrown at [./src/hotspot/share/classfile/systemDictionary.cpp, line 230]
Event: 2.914 Thread 0x000002ee5ad2a000 Exception <a 'java/lang/ClassNotFoundException'{0x000000008a985b18}: org/springframework/beans/factory/AwareCustomizer> (0x000000008a985b18) thrown at [./src/hotspot/share/classfile/systemDictionary.cpp, line 230]
Event: 3.073 Thread 0x000002ee5ad2a000 Exception <a 'java/lang/NoSuchMethodError'{0x0000000089f0bb28}: 'void java.lang.invoke.DirectMethodHandle$Holder.invokeVirtual(java.lang.Object, java.lang.Object, int)'> (0x0000000089f0bb28) thrown at [./src/hotspot/share/interpreter/linkResolver.cpp, line 773]
Event: 3.075 Thread 0x000002ee5ad2a000 Exception <a 'java/lang/NoSuchMethodError'{0x0000000089f25920}: 'void java.lang.invoke.DirectMethodHandle$Holder.invokeVirtual(java.lang.Object, java.lang.Object, long)'> (0x0000000089f25920) thrown at [./src/hotspot/share/interpreter/linkResolver.cpp, line 773]
Event: 3.256 Thread 0x000002ee5ad2a000 Exception <a 'java/lang/IncompatibleClassChangeError'{0x00000000893a2838}: Found class java.lang.Object, but interface was expected> (0x00000000893a2838) thrown at [./src/hotspot/share/interpreter/linkResolver.cpp, line 839]
Event: 3.290 Thread 0x000002ee5ad2a000 Exception <a 'java/lang/NoSuchMethodError'{0x000000008904bb58}: 'int java.lang.invoke.DirectMethodHandle$Holder.invokeStaticInit(java.lang.Object, java.lang.Object, java.lang.Object, java.lang.Object)'> (0x000000008904bb58) thrown at [./src/hotspot/share/interpreter/linkResolver.cpp, line 773]
Event: 3.383 Thread 0x000002ee5ad2a000 Exception <a 'java/lang/NoSuchMethodError'{0x00000000888f6508}: 'java.lang.Object java.lang.invoke.DirectMethodHandle$Holder.invokeSpecial(java.lang.Object, java.lang.Object, int, java.lang.Object, int, java.lang.Object)'> (0x00000000888f6508) thrown at [./src/hotspot/share/interpreter/linkResolver.cpp, line 773]
Event: 3.384 Thread 0x000002ee5ad2a000 Exception <a 'java/lang/NoSuchMethodError'{0x00000000888fd9f0}: 'java.lang.Object java.lang.invoke.DirectMethodHandle$Holder.invokeStatic(java.lang.Object, java.lang.Object, int, java.lang.Object, int)'> (0x00000000888fd9f0) thrown at [./src/hotspot/share/interpreter/linkResolver.cpp, line 773]
Event: 3.384 Thread 0x000002ee5ad2a000 Exception <a 'java/lang/NoSuchMethodError'{0x0000000088701660}: 'java.lang.Object java.lang.invoke.DirectMethodHandle$Holder.invokeSpecial(java.lang.Object, java.lang.Object, java.lang.Object, int, java.lang.Object, int)'> (0x0000000088701660) thrown at [./src/hotspot/share/interpreter/linkResolver.cpp, line 773]
Event: 3.385 Thread 0x000002ee5ad2a000 Exception <a 'java/lang/NoSuchMethodError'{0x0000000088713748}: 'void java.lang.invoke.DirectMethodHandle$Holder.invokeVirtual(java.lang.Object, java.lang.Object)'> (0x0000000088713748) thrown at [./src/hotspot/share/interpreter/linkResolver.cpp, line 773]
Event: 41.654 Thread 0x000002ee79b2f800 Exception <a 'java/lang/reflect/InvocationTargetException'{0x0000000087385860}> (0x0000000087385860) thrown at [./src/hotspot/share/runtime/reflection.cpp, line 1247]
Event: 41.664 Thread 0x000002ee79b2f800 Exception <a 'java/lang/NoClassDefFoundError'{0x000000008721bd30}: sun/reflect/Reflection> (0x000000008721bd30) thrown at [./src/hotspot/share/classfile/systemDictionary.cpp, line 219]

Events (20 events):
Event: 223.845 Executing VM operation: GetOrSetLocal done
Event: 522.595 Executing VM operation: RedefineClasses
Event: 522.622 Executing VM operation: RedefineClasses done
Event: 522.631 Executing VM operation: ChangeBreakpoints
Event: 522.633 Executing VM operation: ChangeBreakpoints done
Event: 522.633 Executing VM operation: ChangeBreakpoints
Event: 522.634 Executing VM operation: ChangeBreakpoints done
Event: 522.638 Executing VM operation: GetFrameCount
Event: 522.638 Executing VM operation: GetFrameCount done
Event: 522.638 Executing VM operation: GetStackTrace
Event: 522.638 Executing VM operation: GetStackTrace done
Event: 522.738 Executing VM operation: GetFrameCount
Event: 522.738 Executing VM operation: GetFrameCount done
Event: 522.738 Executing VM operation: GetOwnedMonitorInfo
Event: 522.738 Executing VM operation: GetOwnedMonitorInfo done
Event: 522.739 Executing VM operation: GetCurrentContendedMonitor
Event: 522.739 Executing VM operation: GetCurrentContendedMonitor done
Event: 522.744 Executing VM operation: GetFrameLocation
Event: 522.744 Executing VM operation: GetFrameLocation done
Event: 522.744 Executing VM operation: GetOrSetLocal


Dynamic libraries:
0x00007ff7804a0000 - 0x00007ff7804ad000 	C:\Users\LENOVO\.p2\pool\plugins\org.eclipse.justj.openjdk.hotspot.jre.full.win32.x86_64_11.0.14.v20220314-1349\jre\bin\javaw.exe
0x00007ff8c99b0000 - 0x00007ff8c9ba8000 	C:\WINDOWS\SYSTEM32\ntdll.dll
0x00007ff8c89e0000 - 0x00007ff8c8a9f000 	C:\WINDOWS\System32\KERNEL32.DLL
0x00007ff8c70e0000 - 0x00007ff8c73b2000 	C:\WINDOWS\System32\KERNELBASE.dll
0x00007ff8c7730000 - 0x00007ff8c7830000 	C:\WINDOWS\System32\ucrtbase.dll
0x00007ff85d410000 - 0x00007ff85d427000 	C:\Users\LENOVO\.p2\pool\plugins\org.eclipse.justj.openjdk.hotspot.jre.full.win32.x86_64_11.0.14.v20220314-1349\jre\bin\jli.dll
0x00007ff8b7400000 - 0x00007ff8b7415000 	C:\Users\LENOVO\.p2\pool\plugins\org.eclipse.justj.openjdk.hotspot.jre.full.win32.x86_64_11.0.14.v20220314-1349\jre\bin\VCRUNTIME140.dll
0x00007ff8c7a00000 - 0x00007ff8c7b9d000 	C:\WINDOWS\System32\USER32.dll
0x00007ff8c73c0000 - 0x00007ff8c73e2000 	C:\WINDOWS\System32\win32u.dll
0x00007ff8b04d0000 - 0x00007ff8b076a000 	C:\WINDOWS\WinSxS\amd64_microsoft.windows.common-controls_6595b64144ccf1df_6.0.19041.1110_none_60b5254171f9507e\COMCTL32.dll
0x00007ff8c7ba0000 - 0x00007ff8c7bcb000 	C:\WINDOWS\System32\GDI32.dll
0x00007ff8c78a0000 - 0x00007ff8c79af000 	C:\WINDOWS\System32\gdi32full.dll
0x00007ff8c8880000 - 0x00007ff8c891e000 	C:\WINDOWS\System32\msvcrt.dll
0x00007ff8c74a0000 - 0x00007ff8c753d000 	C:\WINDOWS\System32\msvcp_win.dll
0x00007ff8c7e10000 - 0x00007ff8c7e42000 	C:\WINDOWS\System32\IMM32.DLL
0x00007ff8b7360000 - 0x00007ff8b73fb000 	C:\Users\LENOVO\.p2\pool\plugins\org.eclipse.justj.openjdk.hotspot.jre.full.win32.x86_64_11.0.14.v20220314-1349\jre\bin\msvcp140.dll
0x00007ff85d470000 - 0x00007ff85dff1000 	C:\Users\LENOVO\.p2\pool\plugins\org.eclipse.justj.openjdk.hotspot.jre.full.win32.x86_64_11.0.14.v20220314-1349\jre\bin\server\jvm.dll
0x00007ff8c8aa0000 - 0x00007ff8c8b4e000 	C:\WINDOWS\System32\ADVAPI32.dll
0x00007ff8c97f0000 - 0x00007ff8c988c000 	C:\WINDOWS\System32\sechost.dll
0x00007ff8c8750000 - 0x00007ff8c8875000 	C:\WINDOWS\System32\RPCRT4.dll
0x00007ff8c9890000 - 0x00007ff8c9898000 	C:\WINDOWS\System32\PSAPI.DLL
0x00007ff8a9190000 - 0x00007ff8a9199000 	C:\WINDOWS\SYSTEM32\WSOCK32.dll
0x00007ff8bd090000 - 0x00007ff8bd09a000 	C:\WINDOWS\SYSTEM32\VERSION.dll
0x00007ff8b0920000 - 0x00007ff8b0947000 	C:\WINDOWS\SYSTEM32\WINMM.dll
0x00007ff8c8d60000 - 0x00007ff8c8dcb000 	C:\WINDOWS\System32\WS2_32.dll
0x00007ff8c58c0000 - 0x00007ff8c58d2000 	C:\WINDOWS\SYSTEM32\kernel.appcore.dll
0x00007ff865500000 - 0x00007ff865510000 	C:\Users\LENOVO\.p2\pool\plugins\org.eclipse.justj.openjdk.hotspot.jre.full.win32.x86_64_11.0.14.v20220314-1349\jre\bin\verify.dll
0x00007ff8c4ce0000 - 0x00007ff8c4ec4000 	C:\WINDOWS\SYSTEM32\DBGHELP.DLL
0x00007ff8ac430000 - 0x00007ff8ac45c000 	C:\WINDOWS\SYSTEM32\dbgcore.DLL
0x00007ff8c76a0000 - 0x00007ff8c7722000 	C:\WINDOWS\System32\bcryptPrimitives.dll
0x00007ff85d440000 - 0x00007ff85d468000 	C:\Users\LENOVO\.p2\pool\plugins\org.eclipse.justj.openjdk.hotspot.jre.full.win32.x86_64_11.0.14.v20220314-1349\jre\bin\java.dll
0x00007ff8654f0000 - 0x00007ff8654fa000 	C:\Users\LENOVO\.p2\pool\plugins\org.eclipse.justj.openjdk.hotspot.jre.full.win32.x86_64_11.0.14.v20220314-1349\jre\bin\jimage.dll
0x00007ff8c12b0000 - 0x00007ff8c12e8000 	C:\Users\LENOVO\.p2\pool\plugins\org.eclipse.justj.openjdk.hotspot.jre.full.win32.x86_64_11.0.14.v20220314-1349\jre\bin\jdwp.dll
0x00007ff85d430000 - 0x00007ff85d43e000 	C:\Users\LENOVO\.p2\pool\plugins\org.eclipse.justj.openjdk.hotspot.jre.full.win32.x86_64_11.0.14.v20220314-1349\jre\bin\instrument.dll
0x00007ff85d3f0000 - 0x00007ff85d408000 	C:\Users\LENOVO\.p2\pool\plugins\org.eclipse.justj.openjdk.hotspot.jre.full.win32.x86_64_11.0.14.v20220314-1349\jre\bin\zip.dll
0x00007ff8c90a0000 - 0x00007ff8c97e3000 	C:\WINDOWS\System32\SHELL32.dll
0x00007ff8c5110000 - 0x00007ff8c58a2000 	C:\WINDOWS\SYSTEM32\windows.storage.dll
0x00007ff8c8390000 - 0x00007ff8c86e4000 	C:\WINDOWS\System32\combase.dll
0x00007ff8c6b10000 - 0x00007ff8c6b40000 	C:\WINDOWS\SYSTEM32\Wldp.dll
0x00007ff8c8cb0000 - 0x00007ff8c8d5d000 	C:\WINDOWS\System32\SHCORE.dll
0x00007ff8c8c30000 - 0x00007ff8c8c85000 	C:\WINDOWS\System32\shlwapi.dll
0x00007ff8c6ff0000 - 0x00007ff8c700f000 	C:\WINDOWS\SYSTEM32\profapi.dll
0x00007ff8c27c0000 - 0x00007ff8c27ca000 	C:\Users\LENOVO\.p2\pool\plugins\org.eclipse.justj.openjdk.hotspot.jre.full.win32.x86_64_11.0.14.v20220314-1349\jre\bin\dt_socket.dll
0x00007ff8c6870000 - 0x00007ff8c68da000 	C:\WINDOWS\System32\mswsock.dll
0x00007ff8c6530000 - 0x00007ff8c65fa000 	C:\WINDOWS\SYSTEM32\DNSAPI.dll
0x00007ff8c64f0000 - 0x00007ff8c652b000 	C:\WINDOWS\SYSTEM32\IPHLPAPI.DLL
0x00007ff8c9960000 - 0x00007ff8c9968000 	C:\WINDOWS\System32\NSI.dll
0x00007ff8b4770000 - 0x00007ff8b47f0000 	C:\WINDOWS\System32\fwpuclnt.dll
0x00007ff8c70b0000 - 0x00007ff8c70d7000 	C:\WINDOWS\System32\bcrypt.dll
0x00007ff8bf430000 - 0x00007ff8bf43a000 	C:\Windows\System32\rasadhlp.dll
0x00007ff85d3d0000 - 0x00007ff85d3e9000 	C:\Users\LENOVO\.p2\pool\plugins\org.eclipse.justj.openjdk.hotspot.jre.full.win32.x86_64_11.0.14.v20220314-1349\jre\bin\net.dll
0x00007ff8be150000 - 0x00007ff8be25c000 	C:\WINDOWS\SYSTEM32\WINHTTP.dll
0x00007ff85d3b0000 - 0x00007ff85d3c3000 	C:\Users\LENOVO\.p2\pool\plugins\org.eclipse.justj.openjdk.hotspot.jre.full.win32.x86_64_11.0.14.v20220314-1349\jre\bin\nio.dll
0x00007ff8b1e90000 - 0x00007ff8b1e99000 	C:\Users\LENOVO\.p2\pool\plugins\org.eclipse.justj.openjdk.hotspot.jre.full.win32.x86_64_11.0.14.v20220314-1349\jre\bin\management.dll
0x00007ff8a1050000 - 0x00007ff8a105b000 	C:\Users\LENOVO\.p2\pool\plugins\org.eclipse.justj.openjdk.hotspot.jre.full.win32.x86_64_11.0.14.v20220314-1349\jre\bin\management_ext.dll
0x00007ff8aa150000 - 0x00007ff8aa167000 	C:\WINDOWS\system32\napinsp.dll
0x00007ff8aa130000 - 0x00007ff8aa14b000 	C:\WINDOWS\system32\pnrpnsp.dll
0x00007ff8c18d0000 - 0x00007ff8c18e5000 	C:\WINDOWS\system32\wshbth.dll
0x00007ff8c2550000 - 0x00007ff8c256d000 	C:\WINDOWS\system32\NLAapi.dll
0x00007ff8aa0b0000 - 0x00007ff8aa0c2000 	C:\WINDOWS\System32\winrnr.dll
0x00007ff8c6a60000 - 0x00007ff8c6a78000 	C:\WINDOWS\SYSTEM32\CRYPTSP.dll
0x00007ff8c60e0000 - 0x00007ff8c6114000 	C:\WINDOWS\system32\rsaenh.dll
0x00007ff8c6fb0000 - 0x00007ff8c6fde000 	C:\WINDOWS\SYSTEM32\USERENV.dll
0x00007ff8c6a80000 - 0x00007ff8c6a8c000 	C:\WINDOWS\SYSTEM32\CRYPTBASE.dll
0x00007ff8bd1e0000 - 0x00007ff8bd1f7000 	C:\WINDOWS\SYSTEM32\dhcpcsvc6.DLL
0x00007ff8bd1c0000 - 0x00007ff8bd1dd000 	C:\WINDOWS\SYSTEM32\dhcpcsvc.DLL
0x00007ff8b23e0000 - 0x00007ff8b23ee000 	C:\Users\LENOVO\.p2\pool\plugins\org.eclipse.justj.openjdk.hotspot.jre.full.win32.x86_64_11.0.14.v20220314-1349\jre\bin\sunmscapi.dll
0x00007ff8c7540000 - 0x00007ff8c7696000 	C:\WINDOWS\System32\CRYPT32.dll
0x00007ff8c6b80000 - 0x00007ff8c6ba7000 	C:\WINDOWS\SYSTEM32\ncrypt.dll
0x00007ff8c6b40000 - 0x00007ff8c6b7b000 	C:\WINDOWS\SYSTEM32\NTASN1.dll
0x00007ff8a0d40000 - 0x00007ff8a0d65000 	C:\Users\LENOVO\.p2\pool\plugins\org.eclipse.justj.openjdk.hotspot.jre.full.win32.x86_64_11.0.14.v20220314-1349\jre\bin\sunec.dll

dbghelp: loaded successfully - version: 4.0.5 - missing functions: none
symbol engine: initialized successfully - sym options: 0x614 - pdb path: .;C:\Users\LENOVO\.p2\pool\plugins\org.eclipse.justj.openjdk.hotspot.jre.full.win32.x86_64_11.0.14.v20220314-1349\jre\bin;C:\WINDOWS\SYSTEM32;C:\WINDOWS\WinSxS\amd64_microsoft.windows.common-controls_6595b64144ccf1df_6.0.19041.1110_none_60b5254171f9507e;C:\Users\LENOVO\.p2\pool\plugins\org.eclipse.justj.openjdk.hotspot.jre.full.win32.x86_64_11.0.14.v20220314-1349\jre\bin\server

VM Arguments:
jvm_args: -agentlib:jdwp=transport=dt_socket,suspend=y,address=localhost:64261 -javaagent:C:\Users\LENOVO\eclipse\jee-2022-03\eclipse\configuration\org.eclipse.osgi\422\0\.cp\lib\javaagent-shaded.jar -Dfile.encoding=UTF-8 
java_command: com.thanhtu.myAPI.MyApiApplication
java_class_path (initial): D:\JAVA WORKSPACE\myAPI\bin\main;C:\Users\LENOVO\.gradle\caches\modules-2\files-2.1\org.springframework.boot\spring-boot-starter-web\2.7.6\9d0166a0390df593243bdc798ca7a1db20ddea9c\spring-boot-starter-web-2.7.6.jar;C:\Users\LENOVO\.gradle\caches\modules-2\files-2.1\org.jsonschema2pojo\jsonschema2pojo-core\1.1.1\512c09693d11b65d9f3d9494ba5b46f1afb96c38\jsonschema2pojo-core-1.1.1.jar;C:\Users\LENOVO\.gradle\caches\modules-2\files-2.1\com.googlecode.json-simple\json-simple\1.1\5e303a03d04e6788dddfa3655272580ae0fc13bb\json-simple-1.1.jar;C:\Users\LENOVO\.gradle\caches\modules-2\files-2.1\org.json\json\20180813\8566b2b0391d9d4479ea225645c6ed47ef17fe41\json-20180813.jar;C:\Users\LENOVO\.gradle\caches\modules-2\files-2.1\org.springframework.boot\spring-boot-starter-json\2.7.6\77017e2aa78224c3fa10444d659c2ce8765b910\spring-boot-starter-json-2.7.6.jar;C:\Users\LENOVO\.gradle\caches\modules-2\files-2.1\org.springframework.boot\spring-boot-starter\2.7.6\d15341c0fc0b1d1362ce6c737b34679ad1f836c\spring-boot-starter-2.7.6.jar;C:\Users\LENOVO\.gradle\caches\modules-2\files-2.1\org.springframework.boot\spring-boot-starter-tomcat\2.7.6\ec920cd7f951f3cff3a0b7af80bb8f7116a3d8a5\spring-boot-starter-tomcat-2.7.6.jar;C:\Users\LENOVO\.gradle\caches\modules-2\files-2.1\org.springframework\spring-webmvc\5.3.24\33d2187c2bf1cb2c222bd1cc18b618736babcf3d\spring-webmvc-5.3.24.jar;C:\Users\LENOVO\.gradle\caches\modules-2\files-2.1\org.springframework\spring-web\5.3.24\d89bbcaabb1ff247a089875cbc4211bfe96c9a59\spring-web-5.3.24.jar;C:\Users\LENOVO\.gradle\caches\modules-2\files-2.1\com.fasterxml.jackson.datatype\jackson-datatype-jdk8\2.13.4\557dbba5d8dfc7b7f944c58fe084109afcb5670b\jackson-datatype-jdk8-2.13.4.jar;C:\Users\LENOVO\.gradle\caches\modules-2\files-2.1\com.fasterxml.jackson.datatype\jackson-datatype-jsr310\2.13.4\e6d820112871f33cd94a1dcc54eef58874753b5\jackson-datatype-jsr310-2.13.4.jar;C:\Users\LENOVO\.gradle\caches\modules-2\files-2.1\com.fasterxml.jackson.mo
Launcher Type: SUN_STANDARD

[Global flags]
     intx CICompilerCount                          = 4                                         {product} {ergonomic}
     uint ConcGCThreads                            = 2                                         {product} {ergonomic}
     uint G1ConcRefinementThreads                  = 8                                         {product} {ergonomic}
   size_t G1HeapRegionSize                         = 1048576                                   {product} {ergonomic}
    uintx GCDrainStackTargetSize                   = 64                                        {product} {ergonomic}
   size_t InitialHeapSize                          = 134217728                                 {product} {ergonomic}
   size_t MarkStackSize                            = 4194304                                   {product} {ergonomic}
   size_t MaxHeapSize                              = 2118123520                                {product} {ergonomic}
   size_t MaxNewSize                               = 1270874112                                {product} {ergonomic}
   size_t MinHeapDeltaBytes                        = 1048576                                   {product} {ergonomic}
    uintx NonNMethodCodeHeapSize                   = 5836300                                {pd product} {ergonomic}
    uintx NonProfiledCodeHeapSize                  = 122910970                              {pd product} {ergonomic}
    uintx ProfiledCodeHeapSize                     = 122910970                              {pd product} {ergonomic}
    uintx ReservedCodeCacheSize                    = 251658240                              {pd product} {ergonomic}
     bool SegmentedCodeCache                       = true                                      {product} {ergonomic}
     bool UseCompressedClassPointers               = true                                 {lp64_product} {ergonomic}
     bool UseCompressedOops                        = true                                 {lp64_product} {ergonomic}
     bool UseG1GC                                  = true                                      {product} {ergonomic}
     bool UseLargePagesIndividualAllocation        = false                                  {pd product} {ergonomic}

Logging:
Log output configuration:
 #0: stdout all=warning uptime,level,tags
 #1: stderr all=off uptime,level,tags

Environment Variables:
PATH=C:\Users\LENOVO\.p2\pool\plugins\org.eclipse.justj.openjdk.hotspot.jre.full.win32.x86_64_11.0.14.v20220314-1349\jre\bin;C:/Users/LENOVO/.p2/pool/plugins/org.eclipse.justj.openjdk.hotspot.jre.full.win32.x86_64_11.0.14.v20220314-1349/jre/bin/server;C:/Users/LENOVO/.p2/pool/plugins/org.eclipse.justj.openjdk.hotspot.jre.full.win32.x86_64_11.0.14.v20220314-1349/jre/bin;C:\Python310\Scripts\;C:\Python310\;C:\app\LENOVO\product\11.2.0\client_2;C:\app\LENOVO\product\11.2.0\client_2\bin;C:\app\LENOVO\product\11.2.0\client_1;C:\app\LENOVO\product\11.2.0\client_1\bin;C:\Program Files (x86)\Common Files\Oracle\Java\javapath;C:\Windows\system32;C:\Windows;C:\Windows\System32\Wbem;C:\Windows\System32\WindowsPowerShell\v1.0\;C:\Windows\System32\OpenSSH\;C:\Program Files (x86)\NVIDIA Corporation\PhysX\Common;%JAVA_HOME%\bin;D:\JAVA HOME\apache-maven-3.6.3\bin;C:\WINDOWS\system32;C:\WINDOWS;C:\WINDOWS\System32\Wbem;C:\WINDOWS\System32\WindowsPowerShell\v1.0\;C:\WINDOWS\System32\OpenSSH\;C:\Program Files\Cloudflare\Cloudflare WARP\;C:\Program Files\Microsoft SQL Server\150\Tools\Binn\;C:\Program Files\Microsoft SQL Server\Client SDK\ODBC\170\Tools\Binn\;C:\Program Files\dotnet\;C:\Program Files (x86)\Microsoft SQL Server\150\DTS\Binn\;C:\Program Files\Azure Data Studio\bin;C:\Program Files\Git\cmd;D:\flutter\bin;D:\flutter;C:\Program Files\nodejs\;C:\ProgramData\chocolatey\bin;;C:\Program Files\Docker\Docker\resources\bin;C:\ProgramData\DockerDesktop\version-bin;C:\Users\LENOVO\AppData\Local\Microsoft\WindowsApps;C:\Program Files\JetBrains\IntelliJ IDEA 2022.1\bin;;C:\Users\LENOVO\.dotnet\tools;C:\Program Files\Azure Data Studio\bin;C:\Users\LENOVO\AppData\Local\Programs\Microsoft VS Code\bin;C:\dart-sdk\bin;C:\Users\LENOVO\AppData\Roaming\npm;C:\Program Files\heroku\bin;C:\Program Files\JetBrains\IntelliJ IDEA Community Edition 2022.2.3\bin;;C:\WINDOWS\system32;
USERNAME=LENOVO
OS=Windows_NT
PROCESSOR_IDENTIFIER=Intel64 Family 6 Model 142 Stepping 12, GenuineIntel



---------------  S Y S T E M  ---------------

OS: Windows 10 , 64 bit Build 19041 (10.0.19041.2251)
OS uptime: 0 days 1:08 hours
Hyper-V role detected

CPU:total 8 (initial active 8) (4 cores per cpu, 2 threads per core) family 6 model 142 stepping 12 microcode 0xea, cmov, cx8, fxsr, mmx, sse, sse2, sse3, ssse3, sse4.1, sse4.2, popcnt, avx, avx2, aes, clmul, erms, 3dnowpref, lzcnt, ht, tsc, tscinvbit, bmi1, bmi2, adx, fma

Memory: 4k page, system-wide physical 8072M (782M free)
TotalPageFile size 23944M (AvailPageFile size 11788M)
current process WorkingSet (physical memory assigned to process): 221M, peak: 276M
current process commit charge ("private bytes"): 302M, peak: 356M

vm_info: OpenJDK 64-Bit Server VM (11.0.14.1+1) for windows-amd64 JRE (11.0.14.1+1), built on Feb  9 2022 01:48:27 by "" with unknown MS VC++:1916

END.
